<?xml version="1.0" encoding="UTF-8"?>
<!-- Generated by org.testng.reporters.JUnitReportReporter -->
<testsuite hostname="NX00316" name="tests.NewTest" tests="1" failures="0" timestamp="3 Feb 2020 13:30:37 GMT" time="0.958" errors="0">
  <testcase name="openMyBlog" time="0.958" classname="tests.NewTest"/>
</testsuite> <!-- tests.NewTest -->
